<?xml version="1.0" encoding="utf-8" standalone="no"?>
<!--This file represents the results of running a test suite-->
<test-results name="proyectofinal/bin/Debug/proyectofinal.dll" total="2" failures="0" not-run="0" date="2014-11-24" time="20:39:33">
  <environment nunit-version="2.4.8.0" clr-version="2.0.50727.1433" os-version="Microsoft Windows NT 6.0.6002.131072 Service Pack 2" platform="Win32NT" cwd="C:\Users\Cristina\Desktop\proyectofinal" machine-name="F-PC" user="Cristina" user-domain="F-PC" />
  <culture-info current-culture="en-US" current-uiculture="en-US" />
  <test-suite name="proyectofinal/bin/Debug/proyectofinal.dll" success="True" time="0.061" asserts="0">
    <results>
      <test-suite name="proyectofinal" success="True" time="0.054" asserts="0">
        <results>
          <test-suite name="Pruebas" success="True" time="0.045" asserts="0">
            <results>
              <test-case name="proyectofinal.Pruebas.TestCase" executed="True" success="True" time="0.031" asserts="1" />
              <test-case name="proyectofinal.Pruebas.TestCase1" executed="True" success="True" time="0.000" asserts="1" />
            </results>
          </test-suite>
        </results>
      </test-suite>
    </results>
  </test-suite>
</test-results>